INFO:ABCBS_logger:>>>>>>>>>>>>>>>>>>>>>>> ABCBS START <<<<<<<<<<<<<<<<<<<<<<<<<<
INFO:ABCBS_logger:Read inputs ... 
INFO:ABCBS_logger:Start to search ...
INFO:ABCBS_logger:Occupy goal constraint: (9, (22, 6))
INFO:ABCBS_logger:Occupy goal constraint: (9, (12, 15))
INFO:ABCBS_logger:Occupy goal constraint: (10, (18, 9))
INFO:ABCBS_logger:Occupy goal constraint: (11, (16, 7))
INFO:ABCBS_logger:Occupy goal constraint: (11, (24, 4))
INFO:ABCBS_logger:Occupy goal constraint: (9, (22, 6))
INFO:ABCBS_logger:Occupy goal constraint: (11, (22, 6))
INFO:ABCBS_logger:Occupy goal constraint: (11, (28, 14))
INFO:ABCBS_logger:Occupy goal constraint: (13, (25, 20))
INFO:ABCBS_logger:Occupy goal constraint: (13, (18, 9))
INFO:ABCBS_logger:Occupy goal constraint: (14, (19, 18))
INFO:ABCBS_logger:Occupy goal constraint: (14, (17, 5))
INFO:ABCBS_logger:Occupy goal constraint: (12, (17, 5))
INFO:ABCBS_logger:Occupy goal constraint: (12, (17, 5))
INFO:ABCBS_logger:Occupy goal constraint: (13, (17, 5))
INFO:ABCBS_logger:Occupy goal constraint: (12, (16, 7))
INFO:ABCBS_logger:Occupy goal constraint: (8, (18, 9))
INFO:ABCBS_logger:Occupy goal constraint: (12, (8, 16))
INFO:ABCBS_logger:Occupy goal constraint: (15, (16, 7))
INFO:ABCBS_logger:Occupy goal constraint: (15, (17, 18))
INFO:ABCBS_logger:Occupy goal constraint: (15, (22, 6))
INFO:ABCBS_logger:Occupy goal constraint: (16, (17, 5))
INFO:ABCBS_logger:Occupy goal constraint: (13, (8, 16))
INFO:ABCBS_logger:Occupy goal constraint: (16, (18, 9))
INFO:ABCBS_logger:Occupy goal constraint: (17, (17, 18))
INFO:ABCBS_logger:Occupy goal constraint: (15, (17, 18))
INFO:ABCBS_logger:Occupy goal constraint: (11, (18, 9))
INFO:ABCBS_logger:Occupy goal constraint: (12, (18, 9))
INFO:ABCBS_logger:Occupy goal constraint: (15, (19, 18))
INFO:ABCBS_logger:Occupy goal constraint: (17, (17, 5))
INFO:ABCBS_logger:Occupy goal constraint: (18, (17, 18))
INFO:ABCBS_logger:Occupy goal constraint: (18, (18, 9))
INFO:ABCBS_logger:Occupy goal constraint: (18, (16, 7))
INFO:ABCBS_logger:Occupy goal constraint: (13, (21, 16))
INFO:ABCBS_logger:Occupy goal constraint: (14, (21, 16))
INFO:ABCBS_logger:Occupy goal constraint: (19, (6, 20))
INFO:ABCBS_logger:Occupy goal constraint: (19, (7, 21))
INFO:ABCBS_logger:Occupy goal constraint: (13, (8, 16))
INFO:ABCBS_logger:Occupy goal constraint: (19, (18, 9))
INFO:ABCBS_logger:Occupy goal constraint: (19, (22, 6))
INFO:ABCBS_logger:Occupy goal constraint: (19, (12, 15))
INFO:ABCBS_logger:Occupy goal constraint: (19, (21, 7))
INFO:ABCBS_logger:Occupy goal constraint: (19, (16, 28))
INFO:ABCBS_logger:Occupy goal constraint: (20, (6, 20))
INFO:ABCBS_logger:Occupy goal constraint: (20, (12, 14))
INFO:ABCBS_logger:Occupy goal constraint: (20, (19, 19))
INFO:ABCBS_logger:Occupy goal constraint: (21, (16, 7))
INFO:ABCBS_logger:Occupy goal constraint: (21, (6, 20))
INFO:ABCBS_logger:Occupy goal constraint: (21, (19, 18))
INFO:ABCBS_logger:Occupy goal constraint: (20, (7, 21))
INFO:ABCBS_logger:Occupy goal constraint: (21, (4, 4))
INFO:ABCBS_logger:Occupy goal constraint: (21, (17, 5))
INFO:ABCBS_logger:Occupy goal constraint: (22, (6, 20))
INFO:ABCBS_logger:Occupy goal constraint: (22, (19, 18))
INFO:ABCBS_logger:Occupy goal constraint: (21, (19, 19))
INFO:ABCBS_logger:Occupy goal constraint: (16, (17, 18))
INFO:ABCBS_logger:Occupy goal constraint: (22, (22, 6))
INFO:ABCBS_logger:Occupy goal constraint: (11, (21, 16))
INFO:ABCBS_logger:Occupy goal constraint: (12, (21, 16))
INFO:ABCBS_logger:Occupy goal constraint: (14, (17, 5))
INFO:ABCBS_logger:Occupy goal constraint: (23, (6, 20))
INFO:ABCBS_logger:Occupy goal constraint: (21, (7, 21))
INFO:ABCBS_logger:Occupy goal constraint: (23, (24, 8))
INFO:ABCBS_logger:Occupy goal constraint: (23, (22, 6))
INFO:ABCBS_logger:Occupy goal constraint: (23, (22, 6))
INFO:ABCBS_logger:Occupy goal constraint: (23, (21, 7))
INFO:ABCBS_logger:Occupy goal constraint: (23, (16, 13))
INFO:ABCBS_logger:Occupy goal constraint: (18, (19, 15))
INFO:ABCBS_logger:Occupy goal constraint: (17, (19, 15))
INFO:ABCBS_logger:Occupy goal constraint: (18, (19, 15))
INFO:ABCBS_logger:Occupy goal constraint: (24, (6, 20))
INFO:ABCBS_logger:Occupy goal constraint: (24, (1, 25))
INFO:ABCBS_logger:Occupy goal constraint: (22, (2, 26))
INFO:ABCBS_logger:Occupy goal constraint: (24, (11, 11))
INFO:ABCBS_logger:Occupy goal constraint: (24, (21, 7))
INFO:ABCBS_logger:Occupy goal constraint: (24, (22, 6))
INFO:ABCBS_logger:Occupy goal constraint: (18, (17, 5))
INFO:ABCBS_logger:Occupy goal constraint: (24, (25, 20))
INFO:ABCBS_logger:Occupy goal constraint: (25, (10, 10))
INFO:ABCBS_logger:Occupy goal constraint: (25, (10, 26))
INFO:ABCBS_logger:Occupy goal constraint: (22, (10, 29))
INFO:ABCBS_logger:Occupy goal constraint: (25, (10, 26))
INFO:ABCBS_logger:Occupy goal constraint: (25, (22, 6))
INFO:ABCBS_logger:Occupy goal constraint: (25, (21, 7))
INFO:ABCBS_logger:Occupy goal constraint: (25, (28, 10))
INFO:ABCBS_logger:Occupy goal constraint: (25, (11, 11))
INFO:ABCBS_logger:Occupy goal constraint: (26, (10, 10))
INFO:ABCBS_logger:Occupy goal constraint: (26, (10, 10))
INFO:ABCBS_logger:Occupy goal constraint: (26, (4, 4))
INFO:ABCBS_logger:Occupy goal constraint: (26, (18, 9))
INFO:ABCBS_logger:Occupy goal constraint: (26, (25, 21))
INFO:ABCBS_logger:Occupy goal constraint: (26, (24, 22))
INFO:ABCBS_logger:Occupy goal constraint: (27, (24, 8))
INFO:ABCBS_logger:Occupy goal constraint: (29, (19, 18))
INFO:ABCBS_logger:Occupy goal constraint: (29, (25, 20))
INFO:ABCBS_logger:Occupy goal constraint: (29, (28, 14))
INFO:ABCBS_logger:Occupy goal constraint: (27, (27, 13))
INFO:ABCBS_logger:Occupy goal constraint: (23, (25, 11))
INFO:ABCBS_logger:Occupy goal constraint: (19, (24, 8))
INFO:ABCBS_logger:Occupy goal constraint: (30, (2, 26))
INFO:ABCBS_logger:Occupy goal constraint: (30, (25, 21))
INFO:ABCBS_logger:Occupy goal constraint: (30, (24, 22))
INFO:ABCBS_logger:Occupy goal constraint: (24, (22, 6))
INFO:ABCBS_logger:Occupy goal constraint: (20, (24, 8))
INFO:ABCBS_logger:Occupy goal constraint: (30, (19, 19))
INFO:ABCBS_logger:Occupy goal constraint: (32, (12, 20))
INFO:ABCBS_logger:Occupy goal constraint: (31, (13, 20))
INFO:ABCBS_logger:Occupy goal constraint: (34, (10, 2))
INFO:ABCBS_logger:Occupy goal constraint: (35, (10, 2))
INFO:ABCBS_logger:Occupy goal constraint: (39, (31, 1))
INFO:ABCBS_logger:Occupy goal constraint: (37, (30, 2))
INFO:ABCBS_logger:Occupy goal constraint: (44, (9, 8))
INFO:ABCBS_logger:Occupy goal constraint: (41, (10, 10))
INFO:ABCBS_logger:Occupy goal constraint: (28, (11, 22))
INFO:ABCBS_logger:Occupy goal constraint: (39, (11, 11))
INFO:ABCBS_logger:Occupy goal constraint: (33, (12, 16))
INFO:ABCBS_logger:Occupy goal constraint: (34, (12, 15))
INFO:ABCBS_logger:Occupy goal constraint: (35, (12, 14))
INFO:ABCBS_logger:1 solution(s) are found.
INFO:ABCBS_logger:Cost of success nude: 2178
INFO:ABCBS_logger:Success! Consumed time: 169.30942797660828
INFO:ABCBS_logger:Searching end!
INFO:ABCBS_logger:Solution found!
INFO:ABCBS_logger:Write solution to output file ... 
INFO:ABCBS_logger:>>>>>>>>>>>>>>>>>>>>>>> ABCBS END <<<<<<<<<<<<<<<<<<<<<<<<<<
